<?xml version="1.0" encoding="UTF-8"?>
<!-- Generated by org.testng.reporters.JUnitReportReporter -->
<testsuite hostname="DESKTOP-DNFBOSM" failures="0" tests="1" name="com.smoke.TestRunAutomation" time="9.225" errors="0" timestamp="2021-07-10T12:59:12 EDT" skipped="0">
  <testcase classname="com.smoke.TestRunAutomation" name="loginTest" time="9.225"/>
  <system-out/>
</testsuite> <!-- com.smoke.TestRunAutomation -->
